2025-05-15 10:39:39,172 [INFO] [OK] np=10, otm=4.14%, theta=0.433 | Train Sharpe=0.60, Train PnL=$130,550 | Val Sharpe=0.49, Val PnL=$14,252
2025-05-15 10:41:57,786 [INFO] [OK] np=4, otm=1.35%, theta=0.483 | Train Sharpe=0.88, Train PnL=$72,864 | Val Sharpe=0.27, Val PnL=$3,121
2025-05-15 10:49:07,038 [INFO] [OK] np=10, otm=4.87%, theta=0.018 | Train Sharpe=0.07, Train PnL=$17,706 | Val Sharpe=0.31, Val PnL=$8,068
2025-05-15 10:51:24,674 [INFO] [OK] np=4, otm=3.93%, theta=0.445 | Train Sharpe=0.68, Train PnL=$63,124 | Val Sharpe=-0.14, Val PnL=$-1,902
2025-05-15 10:53:45,664 [INFO] [OK] np=4, otm=8.93%, theta=0.391 | Train Sharpe=0.44, Train PnL=$44,795 | Val Sharpe=-0.14, Val PnL=$-2,227
2025-05-15 10:58:19,118 [INFO] [OK] np=7, otm=3.33%, theta=0.484 | Train Sharpe=0.64, Train PnL=$100,013 | Val Sharpe=0.53, Val PnL=$11,179
2025-05-15 11:04:35,988 [INFO] [OK] np=9, otm=7.51%, theta=0.022 | Train Sharpe=0.18, Train PnL=$38,327 | Val Sharpe=0.39, Val PnL=$10,675
2025-05-15 11:11:43,575 [INFO] [OK] np=10, otm=5.52%, theta=0.009 | Train Sharpe=0.15, Train PnL=$34,862 | Val Sharpe=0.52, Val PnL=$13,255
2025-05-15 11:16:15,798 [INFO] [OK] np=7, otm=9.32%, theta=0.160 | Train Sharpe=0.27, Train PnL=$50,633 | Val Sharpe=0.21, Val PnL=$4,932
2025-05-15 11:21:27,931 [INFO] [OK] np=8, otm=2.32%, theta=0.442 | Train Sharpe=0.72, Train PnL=$120,328 | Val Sharpe=0.66, Val PnL=$14,505
2025-05-15 11:22:31,120 [INFO] [OK] np=2, otm=1.44%, theta=0.322 | Train Sharpe=0.79, Train PnL=$38,575 | Val Sharpe=0.22, Val PnL=$1,417
2025-05-15 11:23:34,241 [INFO] [OK] np=2, otm=1.55%, theta=0.312 | Train Sharpe=0.84, Train PnL=$40,820 | Val Sharpe=0.22, Val PnL=$1,397
2025-05-15 11:24:37,893 [INFO] [OK] np=2, otm=1.02%, theta=0.232 | Train Sharpe=1.02, Train PnL=$38,854 | Val Sharpe=0.06, Val PnL=$355
2025-05-15 11:26:55,393 [INFO] [OK] np=4, otm=1.08%, theta=0.178 | Train Sharpe=0.45, Train PnL=$45,608 | Val Sharpe=0.85, Val PnL=$8,821
2025-05-15 11:28:34,759 [INFO] [OK] np=3, otm=2.93%, theta=0.212 | Train Sharpe=0.81, Train PnL=$56,530 | Val Sharpe=-0.18, Val PnL=$-1,783
2025-05-15 11:31:31,997 [INFO] [OK] np=5, otm=6.24%, theta=0.098 | Train Sharpe=0.36, Train PnL=$46,148 | Val Sharpe=0.34, Val PnL=$5,290
2025-05-15 11:34:29,343 [INFO] [OK] np=5, otm=2.15%, theta=0.283 | Train Sharpe=0.86, Train PnL=$95,241 | Val Sharpe=0.36, Val PnL=$4,809
2025-05-15 11:36:09,198 [INFO] [OK] np=3, otm=2.67%, theta=0.372 | Train Sharpe=0.76, Train PnL=$55,167 | Val Sharpe=0.03, Val PnL=$268
2025-05-15 11:37:12,802 [INFO] [OK] np=2, otm=7.62%, theta=0.241 | Train Sharpe=0.61, Train PnL=$27,293 | Val Sharpe=0.44, Val PnL=$2,891
2025-05-15 11:40:54,993 [INFO] [OK] np=6, otm=1.08%, theta=0.110 | Train Sharpe=0.52, Train PnL=$66,912 | Val Sharpe=0.88, Val PnL=$13,061
2025-05-15 11:42:34,197 [INFO] [OK] np=3, otm=3.74%, theta=0.360 | Train Sharpe=0.66, Train PnL=$47,395 | Val Sharpe=0.21, Val PnL=$2,055
2025-05-15 11:45:31,675 [INFO] [OK] np=5, otm=2.11%, theta=0.275 | Train Sharpe=0.87, Train PnL=$95,315 | Val Sharpe=0.36, Val PnL=$4,815
2025-05-15 11:48:28,514 [INFO] [OK] np=5, otm=2.13%, theta=0.242 | Train Sharpe=0.88, Train PnL=$98,376 | Val Sharpe=0.36, Val PnL=$4,812
2025-05-15 11:52:09,065 [INFO] [OK] np=6, otm=1.99%, theta=0.220 | Train Sharpe=0.87, Train PnL=$110,874 | Val Sharpe=0.53, Val PnL=$8,743
2025-05-15 11:54:27,927 [INFO] [OK] np=4, otm=1.06%, theta=0.181 | Train Sharpe=0.45, Train PnL=$45,598 | Val Sharpe=0.66, Val PnL=$6,985
2025-05-15 11:56:08,148 [INFO] [OK] np=3, otm=3.24%, theta=0.119 | Train Sharpe=0.57, Train PnL=$42,077 | Val Sharpe=-0.00, Val PnL=$-19
2025-05-15 11:59:06,554 [INFO] [OK] np=5, otm=1.72%, theta=0.268 | Train Sharpe=0.81, Train PnL=$88,560 | Val Sharpe=0.37, Val PnL=$4,919
2025-05-15 12:02:51,924 [INFO] [OK] np=6, otm=4.66%, theta=0.330 | Train Sharpe=0.65, Train PnL=$89,867 | Val Sharpe=0.26, Val PnL=$5,059
2025-05-15 12:03:54,610 [INFO] [OK] np=2, otm=2.61%, theta=0.496 | Train Sharpe=0.90, Train PnL=$45,295 | Val Sharpe=-0.02, Val PnL=$-139
2025-05-15 12:04:57,385 [INFO] [OK] np=2, otm=4.42%, theta=0.142 | Train Sharpe=0.44, Train PnL=$19,574 | Val Sharpe=0.14, Val PnL=$963
2025-05-15 12:04:57,411 [INFO] ========== BEST TRIAL ==========
2025-05-15 12:04:57,411 [INFO] Params: {'num_positions': 2, 'call_otm_pct': 0.010214304745136876, 'theta': 0.23221893220481704}
2025-05-15 12:04:57,411 [INFO] Sharpe: 1.0232
