2025-05-13 08:42:51,451 [INFO] 🚀 Starting S&P 500 data download
2025-05-13 08:42:51,632 [WARNING] 🧹 Cleared old data from C:\Users\glade\Deveolopment\BuyWrite\FinalProject\data\stock_prices
2025-05-13 08:42:51,651 [INFO] 📦 Pulling batch 1 of 26 (20 tickers)
2025-05-13 08:43:03,509 [INFO] ✅ Saved MMM
2025-05-13 08:43:05,057 [INFO] ✅ Saved AOS
2025-05-13 08:43:07,178 [INFO] ✅ Saved ABT
2025-05-13 08:43:08,197 [INFO] ✅ Saved ABBV
2025-05-13 08:43:09,156 [INFO] ✅ Saved ACN
2025-05-13 08:43:09,700 [INFO] ✅ Saved ADBE
2025-05-13 08:43:10,269 [INFO] ✅ Saved AMD
2025-05-13 08:43:11,066 [INFO] ✅ Saved AES
2025-05-13 08:43:11,947 [INFO] ✅ Saved AFL
2025-05-13 08:43:13,270 [INFO] ✅ Saved A
2025-05-13 08:43:13,906 [INFO] ✅ Saved APD
2025-05-13 08:43:14,448 [INFO] ✅ Saved ABNB
2025-05-13 08:43:15,014 [INFO] ✅ Saved AKAM
2025-05-13 08:43:15,653 [INFO] ✅ Saved ALB
2025-05-13 08:43:16,204 [INFO] ✅ Saved ARE
2025-05-13 08:43:16,772 [INFO] ✅ Saved ALGN
2025-05-13 08:43:17,367 [INFO] ✅ Saved ALLE
2025-05-13 08:43:17,965 [INFO] ✅ Saved LNT
2025-05-13 08:43:18,513 [INFO] ✅ Saved ALL
2025-05-13 08:43:19,099 [INFO] ✅ Saved GOOGL
2025-05-13 08:43:24,668 [INFO] 📦 Pulling batch 2 of 26 (20 tickers)
2025-05-13 08:43:30,683 [INFO] ✅ Saved GOOG
2025-05-13 08:43:32,207 [INFO] ✅ Saved MO
2025-05-13 08:43:32,878 [INFO] ✅ Saved AMZN
2025-05-13 08:43:33,773 [INFO] ✅ Saved AMCR
2025-05-13 08:43:34,834 [INFO] ✅ Saved AEE
2025-05-13 08:43:35,416 [INFO] ✅ Saved AEP
2025-05-13 08:43:36,200 [INFO] ✅ Saved AXP
2025-05-13 08:43:36,784 [INFO] ✅ Saved AIG
2025-05-13 08:43:37,397 [INFO] ✅ Saved AMT
2025-05-13 08:43:37,915 [INFO] ✅ Saved AWK
2025-05-13 08:43:38,637 [INFO] ✅ Saved AMP
2025-05-13 08:43:39,191 [INFO] ✅ Saved AME
2025-05-13 08:43:39,754 [INFO] ✅ Saved AMGN
2025-05-13 08:43:40,617 [INFO] ✅ Saved APH
2025-05-13 08:43:41,136 [INFO] ✅ Saved ADI
2025-05-13 08:43:41,740 [INFO] ✅ Saved ANSS
2025-05-13 08:43:42,284 [INFO] ✅ Saved AON
2025-05-13 08:43:42,817 [INFO] ✅ Saved APA
2025-05-13 08:43:43,319 [INFO] ✅ Saved APO
2025-05-13 08:43:43,851 [INFO] ✅ Saved AAPL
2025-05-13 08:43:49,349 [INFO] 📦 Pulling batch 3 of 26 (20 tickers)
2025-05-13 08:43:52,316 [INFO] ✅ Saved AMAT
2025-05-13 08:43:53,301 [INFO] ✅ Saved APTV
2025-05-13 08:43:53,869 [INFO] ✅ Saved ACGL
2025-05-13 08:43:54,433 [INFO] ✅ Saved ADM
2025-05-13 08:43:54,985 [INFO] ✅ Saved ANET
2025-05-13 08:43:55,573 [INFO] ✅ Saved AJG
2025-05-13 08:43:56,156 [INFO] ✅ Saved AIZ
2025-05-13 08:43:56,665 [INFO] ✅ Saved T
2025-05-13 08:43:57,215 [INFO] ✅ Saved ATO
2025-05-13 08:43:57,790 [INFO] ✅ Saved ADSK
2025-05-13 08:43:58,537 [INFO] ✅ Saved ADP
2025-05-13 08:43:59,318 [INFO] ✅ Saved AZO
2025-05-13 08:43:59,890 [INFO] ✅ Saved AVB
2025-05-13 08:44:00,442 [INFO] ✅ Saved AVY
2025-05-13 08:44:01,038 [INFO] ✅ Saved AXON
2025-05-13 08:44:01,573 [INFO] ✅ Saved BKR
2025-05-13 08:44:02,109 [INFO] ✅ Saved BALL
2025-05-13 08:44:02,671 [INFO] ✅ Saved BAC
2025-05-13 08:44:03,187 [INFO] ✅ Saved BAX
2025-05-13 08:44:03,738 [INFO] ✅ Saved BDX
2025-05-13 08:44:09,300 [INFO] 📦 Pulling batch 4 of 26 (20 tickers)
2025-05-13 08:44:12,437 [INFO] ✅ Saved BRK-B
2025-05-13 08:44:13,842 [INFO] ✅ Saved BBY
2025-05-13 08:44:14,537 [INFO] ✅ Saved TECH
2025-05-13 08:44:15,124 [INFO] ✅ Saved BIIB
2025-05-13 08:44:15,652 [INFO] ✅ Saved BLK
2025-05-13 08:44:16,214 [INFO] ✅ Saved BX
2025-05-13 08:44:16,852 [INFO] ✅ Saved BK
2025-05-13 08:44:17,389 [INFO] ✅ Saved BA
2025-05-13 08:44:17,940 [INFO] ✅ Saved BKNG
2025-05-13 08:44:18,470 [INFO] ✅ Saved BSX
2025-05-13 08:44:19,004 [INFO] ✅ Saved BMY
2025-05-13 08:44:19,584 [INFO] ✅ Saved AVGO
2025-05-13 08:44:20,134 [INFO] ✅ Saved BR
2025-05-13 08:44:20,690 [INFO] ✅ Saved BRO
2025-05-13 08:44:21,288 [INFO] ✅ Saved BF-B
2025-05-13 08:44:21,871 [INFO] ✅ Saved BLDR
2025-05-13 08:44:22,440 [INFO] ✅ Saved BG
2025-05-13 08:44:23,053 [INFO] ✅ Saved BXP
2025-05-13 08:44:23,720 [INFO] ✅ Saved CHRW
2025-05-13 08:44:24,468 [INFO] ✅ Saved CDNS
2025-05-13 08:44:29,984 [INFO] 📦 Pulling batch 5 of 26 (20 tickers)
2025-05-13 08:44:32,387 [INFO] ✅ Saved CZR
2025-05-13 08:44:33,445 [INFO] ✅ Saved CPT
2025-05-13 08:44:34,024 [INFO] ✅ Saved CPB
2025-05-13 08:44:34,578 [INFO] ✅ Saved COF
2025-05-13 08:44:35,123 [INFO] ✅ Saved CAH
2025-05-13 08:44:35,671 [INFO] ✅ Saved KMX
2025-05-13 08:44:36,221 [INFO] ✅ Saved CCL
2025-05-13 08:44:36,789 [INFO] ✅ Saved CARR
2025-05-13 08:44:37,338 [INFO] ✅ Saved CAT
2025-05-13 08:44:37,907 [INFO] ✅ Saved CBOE
2025-05-13 08:44:38,449 [INFO] ✅ Saved CBRE
2025-05-13 08:44:38,970 [INFO] ✅ Saved CDW
2025-05-13 08:44:39,554 [INFO] ✅ Saved COR
2025-05-13 08:44:40,110 [INFO] ✅ Saved CNC
2025-05-13 08:44:40,638 [INFO] ✅ Saved CNP
2025-05-13 08:44:41,153 [INFO] ✅ Saved CF
2025-05-13 08:44:41,690 [INFO] ✅ Saved CRL
2025-05-13 08:44:42,206 [INFO] ✅ Saved SCHW
2025-05-13 08:44:42,739 [INFO] ✅ Saved CHTR
2025-05-13 08:44:43,274 [INFO] ✅ Saved CVX
2025-05-13 08:44:48,820 [INFO] 📦 Pulling batch 6 of 26 (20 tickers)
2025-05-13 08:44:54,813 [INFO] ✅ Saved CMG
2025-05-13 08:44:56,273 [INFO] ✅ Saved CB
2025-05-13 08:44:56,834 [INFO] ✅ Saved CHD
2025-05-13 08:44:57,406 [INFO] ✅ Saved CI
2025-05-13 08:44:57,954 [INFO] ✅ Saved CINF
2025-05-13 08:44:58,549 [INFO] ✅ Saved CTAS
2025-05-13 08:44:59,057 [INFO] ✅ Saved CSCO
2025-05-13 08:44:59,592 [INFO] ✅ Saved C
2025-05-13 08:45:00,186 [INFO] ✅ Saved CFG
2025-05-13 08:45:00,721 [INFO] ✅ Saved CLX
2025-05-13 08:45:01,274 [INFO] ✅ Saved CME
2025-05-13 08:45:01,807 [INFO] ✅ Saved CMS
2025-05-13 08:45:02,375 [INFO] ✅ Saved KO
2025-05-13 08:45:02,887 [INFO] ✅ Saved CTSH
2025-05-13 08:45:03,426 [INFO] ✅ Saved CL
2025-05-13 08:45:04,058 [INFO] ✅ Saved CMCSA
2025-05-13 08:45:04,738 [INFO] ✅ Saved CAG
2025-05-13 08:45:05,389 [INFO] ✅ Saved COP
2025-05-13 08:45:05,935 [INFO] ✅ Saved ED
2025-05-13 08:45:06,469 [INFO] ✅ Saved STZ
2025-05-13 08:45:12,053 [INFO] 📦 Pulling batch 7 of 26 (20 tickers)
2025-05-13 08:45:15,623 [INFO] ✅ Saved CEG
2025-05-13 08:45:16,669 [INFO] ✅ Saved COO
2025-05-13 08:45:17,200 [INFO] ✅ Saved CPRT
2025-05-13 08:45:17,735 [INFO] ✅ Saved GLW
2025-05-13 08:45:18,328 [INFO] ✅ Saved CPAY
2025-05-13 08:45:18,886 [INFO] ✅ Saved CTVA
2025-05-13 08:45:19,475 [INFO] ✅ Saved CSGP
2025-05-13 08:45:20,008 [INFO] ✅ Saved COST
2025-05-13 08:45:20,576 [INFO] ✅ Saved CTRA
2025-05-13 08:45:21,166 [INFO] ✅ Saved CRWD
2025-05-13 08:45:21,657 [INFO] ✅ Saved CCI
2025-05-13 08:45:22,253 [INFO] ✅ Saved CSX
2025-05-13 08:45:22,961 [INFO] ✅ Saved CMI
2025-05-13 08:45:23,490 [INFO] ✅ Saved CVS
2025-05-13 08:45:24,010 [INFO] ✅ Saved DHR
2025-05-13 08:45:24,572 [INFO] ✅ Saved DRI
2025-05-13 08:45:25,092 [INFO] ✅ Saved DVA
2025-05-13 08:45:25,641 [INFO] ✅ Saved DAY
2025-05-13 08:45:26,190 [INFO] ✅ Saved DECK
2025-05-13 08:45:26,803 [INFO] ✅ Saved DE
2025-05-13 08:45:32,323 [INFO] 📦 Pulling batch 8 of 26 (20 tickers)
2025-05-13 08:45:38,651 [INFO] ✅ Saved DELL
2025-05-13 08:45:40,030 [INFO] ✅ Saved DAL
2025-05-13 08:45:40,688 [INFO] ✅ Saved DVN
2025-05-13 08:45:41,240 [INFO] ✅ Saved DXCM
2025-05-13 08:45:41,816 [INFO] ✅ Saved FANG
2025-05-13 08:45:42,363 [INFO] ✅ Saved DLR
2025-05-13 08:45:42,895 [INFO] ✅ Saved DFS
2025-05-13 08:45:43,441 [INFO] ✅ Saved DG
2025-05-13 08:45:44,154 [INFO] ✅ Saved DLTR
2025-05-13 08:45:44,686 [INFO] ✅ Saved D
2025-05-13 08:45:45,229 [INFO] ✅ Saved DPZ
2025-05-13 08:45:45,789 [INFO] ✅ Saved DASH
2025-05-13 08:45:46,342 [INFO] ✅ Saved DOV
2025-05-13 08:45:46,926 [INFO] ✅ Saved DOW
2025-05-13 08:45:47,457 [INFO] ✅ Saved DHI
2025-05-13 08:45:48,024 [INFO] ✅ Saved DTE
2025-05-13 08:45:48,589 [INFO] ✅ Saved DUK
2025-05-13 08:45:49,124 [INFO] ✅ Saved DD
2025-05-13 08:45:49,644 [INFO] ✅ Saved EMN
2025-05-13 08:45:50,177 [INFO] ✅ Saved ETN
2025-05-13 08:45:55,688 [INFO] 📦 Pulling batch 9 of 26 (20 tickers)
2025-05-13 08:45:58,912 [INFO] ✅ Saved EBAY
2025-05-13 08:46:00,059 [INFO] ✅ Saved ECL
2025-05-13 08:46:00,625 [INFO] ✅ Saved EIX
2025-05-13 08:46:01,208 [INFO] ✅ Saved EW
2025-05-13 08:46:01,761 [INFO] ✅ Saved EA
2025-05-13 08:46:02,290 [INFO] ✅ Saved ELV
2025-05-13 08:46:02,861 [INFO] ✅ Saved EMR
2025-05-13 08:46:03,451 [INFO] ✅ Saved ENPH
2025-05-13 08:46:04,010 [INFO] ✅ Saved ETR
2025-05-13 08:46:04,590 [INFO] ✅ Saved EOG
2025-05-13 08:46:05,140 [INFO] ✅ Saved EPAM
2025-05-13 08:46:05,694 [INFO] ✅ Saved EQT
2025-05-13 08:46:06,228 [INFO] ✅ Saved EFX
2025-05-13 08:46:06,775 [INFO] ✅ Saved EQIX
2025-05-13 08:46:07,309 [INFO] ✅ Saved EQR
2025-05-13 08:46:07,878 [INFO] ✅ Saved ERIE
2025-05-13 08:46:08,425 [INFO] ✅ Saved ESS
2025-05-13 08:46:08,976 [INFO] ✅ Saved EL
2025-05-13 08:46:09,593 [INFO] ✅ Saved EG
2025-05-13 08:46:10,210 [INFO] ✅ Saved EVRG
2025-05-13 08:46:15,792 [INFO] 📦 Pulling batch 10 of 26 (20 tickers)
2025-05-13 08:46:20,576 [INFO] ✅ Saved ES
2025-05-13 08:46:22,058 [INFO] ✅ Saved EXC
2025-05-13 08:46:22,597 [INFO] ✅ Saved EXE
2025-05-13 08:46:23,160 [INFO] ✅ Saved EXPE
2025-05-13 08:46:23,883 [INFO] ✅ Saved EXPD
2025-05-13 08:46:24,593 [INFO] ✅ Saved EXR
2025-05-13 08:46:25,295 [INFO] ✅ Saved XOM
2025-05-13 08:46:25,896 [INFO] ✅ Saved FFIV
2025-05-13 08:46:26,443 [INFO] ✅ Saved FDS
2025-05-13 08:46:27,043 [INFO] ✅ Saved FICO
2025-05-13 08:46:27,626 [INFO] ✅ Saved FAST
2025-05-13 08:46:28,166 [INFO] ✅ Saved FRT
2025-05-13 08:46:28,713 [INFO] ✅ Saved FDX
2025-05-13 08:46:29,260 [INFO] ✅ Saved FIS
2025-05-13 08:46:29,794 [INFO] ✅ Saved FITB
2025-05-13 08:46:30,343 [INFO] ✅ Saved FSLR
2025-05-13 08:46:30,926 [INFO] ✅ Saved FE
2025-05-13 08:46:31,526 [INFO] ✅ Saved FI
2025-05-13 08:46:32,093 [INFO] ✅ Saved F
2025-05-13 08:46:32,626 [INFO] ✅ Saved FTNT
2025-05-13 08:46:38,324 [INFO] 📦 Pulling batch 11 of 26 (20 tickers)
2025-05-13 08:46:45,125 [INFO] ✅ Saved FTV
2025-05-13 08:46:48,476 [INFO] ✅ Saved FOXA
2025-05-13 08:46:49,047 [INFO] ✅ Saved FOX
2025-05-13 08:46:49,760 [INFO] ✅ Saved BEN
2025-05-13 08:46:50,294 [INFO] ✅ Saved FCX
2025-05-13 08:46:50,827 [INFO] ✅ Saved GRMN
2025-05-13 08:46:51,396 [INFO] ✅ Saved IT
2025-05-13 08:46:51,927 [INFO] ✅ Saved GE
2025-05-13 08:46:52,544 [INFO] ✅ Saved GEHC
2025-05-13 08:46:53,077 [INFO] ✅ Saved GEV
2025-05-13 08:46:53,611 [INFO] ✅ Saved GEN
2025-05-13 08:46:54,127 [INFO] ✅ Saved GNRC
2025-05-13 08:46:54,677 [INFO] ✅ Saved GD
2025-05-13 08:46:55,230 [INFO] ✅ Saved GIS
2025-05-13 08:46:55,790 [INFO] ✅ Saved GM
2025-05-13 08:46:56,314 [INFO] ✅ Saved GPC
2025-05-13 08:46:56,828 [INFO] ✅ Saved GILD
2025-05-13 08:46:57,400 [INFO] ✅ Saved GPN
2025-05-13 08:46:57,944 [INFO] ✅ Saved GL
2025-05-13 08:46:58,616 [INFO] ✅ Saved GDDY
2025-05-13 08:47:04,144 [INFO] 📦 Pulling batch 12 of 26 (20 tickers)
2025-05-13 08:47:10,801 [INFO] ✅ Saved GS
2025-05-13 08:47:12,200 [INFO] ✅ Saved HAL
2025-05-13 08:47:12,720 [INFO] ✅ Saved HIG
2025-05-13 08:47:13,322 [INFO] ✅ Saved HAS
2025-05-13 08:47:13,896 [INFO] ✅ Saved HCA
2025-05-13 08:47:14,562 [INFO] ✅ Saved DOC
2025-05-13 08:47:15,132 [INFO] ✅ Saved HSIC
2025-05-13 08:47:15,845 [INFO] ✅ Saved HSY
2025-05-13 08:47:16,362 [INFO] ✅ Saved HES
2025-05-13 08:47:16,896 [INFO] ✅ Saved HPE
2025-05-13 08:47:17,495 [INFO] ✅ Saved HLT
2025-05-13 08:47:18,060 [INFO] ✅ Saved HOLX
2025-05-13 08:47:18,629 [INFO] ✅ Saved HD
2025-05-13 08:47:19,162 [INFO] ✅ Saved HON
2025-05-13 08:47:19,728 [INFO] ✅ Saved HRL
2025-05-13 08:47:20,286 [INFO] ✅ Saved HST
2025-05-13 08:47:20,848 [INFO] ✅ Saved HWM
2025-05-13 08:47:21,394 [INFO] ✅ Saved HPQ
2025-05-13 08:47:21,949 [INFO] ✅ Saved HUBB
2025-05-13 08:47:22,512 [INFO] ✅ Saved HUM
2025-05-13 08:47:28,195 [INFO] 📦 Pulling batch 13 of 26 (20 tickers)
2025-05-13 08:47:34,438 [INFO] ✅ Saved HBAN
2025-05-13 08:47:35,780 [INFO] ✅ Saved HII
2025-05-13 08:47:36,330 [INFO] ✅ Saved IBM
2025-05-13 08:47:36,897 [INFO] ✅ Saved IEX
2025-05-13 08:47:37,421 [INFO] ✅ Saved IDXX
2025-05-13 08:47:37,949 [INFO] ✅ Saved ITW
2025-05-13 08:47:38,713 [INFO] ✅ Saved INCY
2025-05-13 08:47:39,247 [INFO] ✅ Saved IR
2025-05-13 08:47:39,780 [INFO] ✅ Saved PODD
2025-05-13 08:47:40,313 [INFO] ✅ Saved INTC
2025-05-13 08:47:40,847 [INFO] ✅ Saved ICE
2025-05-13 08:47:41,380 [INFO] ✅ Saved IFF
2025-05-13 08:47:41,964 [INFO] ✅ Saved IP
2025-05-13 08:47:42,495 [INFO] ✅ Saved IPG
2025-05-13 08:47:43,045 [INFO] ✅ Saved INTU
2025-05-13 08:47:43,596 [INFO] ✅ Saved ISRG
2025-05-13 08:47:44,097 [INFO] ✅ Saved IVZ
2025-05-13 08:47:44,613 [INFO] ✅ Saved INVH
2025-05-13 08:47:45,179 [INFO] ✅ Saved IQV
2025-05-13 08:47:45,711 [INFO] ✅ Saved IRM
2025-05-13 08:47:51,258 [INFO] 📦 Pulling batch 14 of 26 (20 tickers)
2025-05-13 08:47:57,883 [INFO] ✅ Saved JBHT
2025-05-13 08:47:59,078 [INFO] ✅ Saved JBL
2025-05-13 08:47:59,666 [INFO] ✅ Saved JKHY
2025-05-13 08:48:00,333 [INFO] ✅ Saved J
2025-05-13 08:48:00,949 [INFO] ✅ Saved JNJ
2025-05-13 08:48:01,790 [INFO] ✅ Saved JCI
2025-05-13 08:48:02,557 [INFO] ✅ Saved JPM
2025-05-13 08:48:03,173 [INFO] ✅ Saved JNPR
2025-05-13 08:48:03,729 [INFO] ✅ Saved K
2025-05-13 08:48:04,285 [INFO] ✅ Saved KVUE
2025-05-13 08:48:04,856 [INFO] ✅ Saved KDP
2025-05-13 08:48:05,398 [INFO] ✅ Saved KEY
2025-05-13 08:48:05,950 [INFO] ✅ Saved KEYS
2025-05-13 08:48:06,549 [INFO] ✅ Saved KMB
2025-05-13 08:48:08,350 [INFO] ✅ Saved KIM
2025-05-13 08:48:09,076 [INFO] ✅ Saved KMI
2025-05-13 08:48:09,693 [INFO] ✅ Saved KKR
2025-05-13 08:48:10,409 [INFO] ✅ Saved KLAC
2025-05-13 08:48:11,353 [INFO] ✅ Saved KHC
2025-05-13 08:48:12,062 [INFO] ✅ Saved KR
2025-05-13 08:48:17,788 [INFO] 📦 Pulling batch 15 of 26 (20 tickers)
2025-05-13 08:48:27,786 [INFO] ✅ Saved LHX
2025-05-13 08:48:29,364 [INFO] ✅ Saved LH
2025-05-13 08:48:30,175 [INFO] ✅ Saved LRCX
2025-05-13 08:48:30,807 [INFO] ✅ Saved LW
2025-05-13 08:48:31,449 [INFO] ✅ Saved LVS
2025-05-13 08:48:32,167 [INFO] ✅ Saved LDOS
2025-05-13 08:48:33,060 [INFO] ✅ Saved LEN
2025-05-13 08:48:33,762 [INFO] ✅ Saved LII
2025-05-13 08:48:34,471 [INFO] ✅ Saved LLY
2025-05-13 08:48:35,120 [INFO] ✅ Saved LIN
2025-05-13 08:48:35,822 [INFO] ✅ Saved LYV
2025-05-13 08:48:36,499 [INFO] ✅ Saved LKQ
2025-05-13 08:48:37,115 [INFO] ✅ Saved LMT
2025-05-13 08:48:37,748 [INFO] ✅ Saved L
2025-05-13 08:48:38,403 [INFO] ✅ Saved LOW
2025-05-13 08:48:45,567 [INFO] ✅ Saved LULU
2025-05-13 08:48:46,259 [INFO] ✅ Saved LYB
2025-05-13 08:48:46,935 [INFO] ✅ Saved MTB
2025-05-13 08:48:47,598 [INFO] ✅ Saved MPC
2025-05-13 08:48:48,239 [INFO] ✅ Saved MKTX
2025-05-13 08:48:53,782 [INFO] 📦 Pulling batch 16 of 26 (20 tickers)
2025-05-13 08:49:00,305 [INFO] ✅ Saved MAR
2025-05-13 08:49:01,492 [INFO] ✅ Saved MMC
2025-05-13 08:49:02,204 [INFO] ✅ Saved MLM
2025-05-13 08:49:02,848 [INFO] ✅ Saved MAS
2025-05-13 08:49:03,546 [INFO] ✅ Saved MA
2025-05-13 08:49:04,213 [INFO] ✅ Saved MTCH
2025-05-13 08:49:04,931 [INFO] ✅ Saved MKC
2025-05-13 08:49:05,625 [INFO] ✅ Saved MCD
2025-05-13 08:49:06,282 [INFO] ✅ Saved MCK
2025-05-13 08:49:06,897 [INFO] ✅ Saved MDT
2025-05-13 08:49:07,775 [INFO] ✅ Saved MRK
2025-05-13 08:49:08,367 [INFO] ✅ Saved META
2025-05-13 08:49:08,997 [INFO] ✅ Saved MET
2025-05-13 08:49:09,638 [INFO] ✅ Saved MTD
2025-05-13 08:49:10,220 [INFO] ✅ Saved MGM
2025-05-13 08:49:10,842 [INFO] ✅ Saved MCHP
2025-05-13 08:49:11,415 [INFO] ✅ Saved MU
2025-05-13 08:49:12,082 [INFO] ✅ Saved MSFT
2025-05-13 08:49:12,785 [INFO] ✅ Saved MAA
2025-05-13 08:49:13,371 [INFO] ✅ Saved MRNA
2025-05-13 08:49:18,923 [INFO] 📦 Pulling batch 17 of 26 (20 tickers)
2025-05-13 08:49:25,186 [INFO] ✅ Saved MHK
2025-05-13 08:49:26,234 [INFO] ✅ Saved MOH
2025-05-13 08:49:26,869 [INFO] ✅ Saved TAP
2025-05-13 08:49:27,496 [INFO] ✅ Saved MDLZ
2025-05-13 08:49:28,165 [INFO] ✅ Saved MPWR
2025-05-13 08:49:28,754 [INFO] ✅ Saved MNST
2025-05-13 08:49:29,373 [INFO] ✅ Saved MCO
2025-05-13 08:49:29,990 [INFO] ✅ Saved MS
2025-05-13 08:49:30,542 [INFO] ✅ Saved MOS
2025-05-13 08:49:31,122 [INFO] ✅ Saved MSI
2025-05-13 08:49:31,823 [INFO] ✅ Saved MSCI
2025-05-13 08:49:32,453 [INFO] ✅ Saved NDAQ
2025-05-13 08:49:33,021 [INFO] ✅ Saved NTAP
2025-05-13 08:49:33,836 [INFO] ✅ Saved NFLX
2025-05-13 08:49:34,385 [INFO] ✅ Saved NEM
2025-05-13 08:49:34,933 [INFO] ✅ Saved NWSA
2025-05-13 08:49:35,539 [INFO] ✅ Saved NWS
2025-05-13 08:49:36,093 [INFO] ✅ Saved NEE
2025-05-13 08:49:36,712 [INFO] ✅ Saved NKE
2025-05-13 08:49:37,256 [INFO] ✅ Saved NI
2025-05-13 08:49:42,786 [INFO] 📦 Pulling batch 18 of 26 (20 tickers)
2025-05-13 08:49:48,772 [INFO] ✅ Saved NDSN
2025-05-13 08:49:50,058 [INFO] ✅ Saved NSC
2025-05-13 08:49:50,678 [INFO] ✅ Saved NTRS
2025-05-13 08:49:51,313 [INFO] ✅ Saved NOC
2025-05-13 08:49:51,911 [INFO] ✅ Saved NCLH
2025-05-13 08:49:52,521 [INFO] ✅ Saved NRG
2025-05-13 08:49:53,151 [INFO] ✅ Saved NUE
2025-05-13 08:49:53,722 [INFO] ✅ Saved NVDA
2025-05-13 08:49:54,302 [INFO] ✅ Saved NVR
2025-05-13 08:49:54,939 [INFO] ✅ Saved NXPI
2025-05-13 08:49:55,492 [INFO] ✅ Saved ORLY
2025-05-13 08:49:56,039 [INFO] ✅ Saved OXY
2025-05-13 08:49:56,818 [INFO] ✅ Saved ODFL
2025-05-13 08:49:57,383 [INFO] ✅ Saved OMC
2025-05-13 08:49:58,090 [INFO] ✅ Saved ON
2025-05-13 08:49:58,692 [INFO] ✅ Saved OKE
2025-05-13 08:49:59,296 [INFO] ✅ Saved ORCL
2025-05-13 08:49:59,821 [INFO] ✅ Saved OTIS
2025-05-13 08:50:00,431 [INFO] ✅ Saved PCAR
2025-05-13 08:50:01,039 [INFO] ✅ Saved PKG
2025-05-13 08:50:06,637 [INFO] 📦 Pulling batch 19 of 26 (20 tickers)
2025-05-13 08:50:20,517 [INFO] ✅ Saved PLTR
2025-05-13 08:50:21,991 [INFO] ✅ Saved PANW
2025-05-13 08:50:22,680 [INFO] ✅ Saved PARA
2025-05-13 08:50:23,419 [INFO] ✅ Saved PH
2025-05-13 08:50:24,162 [INFO] ✅ Saved PAYX
2025-05-13 08:50:24,860 [INFO] ✅ Saved PAYC
2025-05-13 08:50:25,606 [INFO] ✅ Saved PYPL
2025-05-13 08:50:26,352 [INFO] ✅ Saved PNR
2025-05-13 08:50:27,842 [INFO] ✅ Saved PEP
2025-05-13 08:50:28,576 [INFO] ✅ Saved PFE
2025-05-13 08:50:29,234 [INFO] ✅ Saved PCG
2025-05-13 08:50:30,638 [INFO] ✅ Saved PM
2025-05-13 08:50:33,711 [INFO] ✅ Saved PSX
2025-05-13 08:50:35,635 [INFO] ✅ Saved PNW
2025-05-13 08:50:36,305 [INFO] ✅ Saved PNC
2025-05-13 08:50:37,149 [INFO] ✅ Saved POOL
2025-05-13 08:50:38,419 [INFO] ✅ Saved PPG
2025-05-13 08:50:39,128 [INFO] ✅ Saved PPL
2025-05-13 08:50:39,755 [INFO] ✅ Saved PFG
2025-05-13 08:50:40,788 [INFO] ✅ Saved PG
2025-05-13 08:50:46,467 [INFO] 📦 Pulling batch 20 of 26 (20 tickers)
2025-05-13 08:50:55,804 [INFO] ✅ Saved PGR
2025-05-13 08:50:56,972 [INFO] ✅ Saved PLD
2025-05-13 08:50:57,592 [INFO] ✅ Saved PRU
2025-05-13 08:50:58,292 [INFO] ✅ Saved PEG
2025-05-13 08:50:58,906 [INFO] ✅ Saved PTC
2025-05-13 08:50:59,536 [INFO] ✅ Saved PSA
2025-05-13 08:51:00,141 [INFO] ✅ Saved PHM
2025-05-13 08:51:00,729 [INFO] ✅ Saved PWR
2025-05-13 08:51:01,372 [INFO] ✅ Saved QCOM
2025-05-13 08:51:02,002 [INFO] ✅ Saved DGX
2025-05-13 08:51:02,561 [INFO] ✅ Saved RL
2025-05-13 08:51:03,135 [INFO] ✅ Saved RJF
2025-05-13 08:51:03,706 [INFO] ✅ Saved RTX
2025-05-13 08:51:04,263 [INFO] ✅ Saved O
2025-05-13 08:51:04,990 [INFO] ✅ Saved REG
2025-05-13 08:51:05,648 [INFO] ✅ Saved REGN
2025-05-13 08:51:06,359 [INFO] ✅ Saved RF
2025-05-13 08:51:07,071 [INFO] ✅ Saved RSG
2025-05-13 08:51:07,775 [INFO] ✅ Saved RMD
2025-05-13 08:51:08,431 [INFO] ✅ Saved RVTY
2025-05-13 08:51:14,027 [INFO] 📦 Pulling batch 21 of 26 (20 tickers)
2025-05-13 08:51:18,382 [INFO] ✅ Saved ROK
2025-05-13 08:51:19,772 [INFO] ✅ Saved ROL
2025-05-13 08:51:20,357 [INFO] ✅ Saved ROP
2025-05-13 08:51:20,996 [INFO] ✅ Saved ROST
2025-05-13 08:51:21,658 [INFO] ✅ Saved RCL
2025-05-13 08:51:22,579 [INFO] ✅ Saved SPGI
2025-05-13 08:51:23,390 [INFO] ✅ Saved CRM
2025-05-13 08:51:23,954 [INFO] ✅ Saved SBAC
2025-05-13 08:51:24,537 [INFO] ✅ Saved SLB
2025-05-13 08:51:25,124 [INFO] ✅ Saved STX
2025-05-13 08:51:25,706 [INFO] ✅ Saved SRE
2025-05-13 08:51:26,261 [INFO] ✅ Saved NOW
2025-05-13 08:51:26,931 [INFO] ✅ Saved SHW
2025-05-13 08:51:27,507 [INFO] ✅ Saved SPG
2025-05-13 08:51:28,106 [INFO] ✅ Saved SWKS
2025-05-13 08:51:28,771 [INFO] ✅ Saved SJM
2025-05-13 08:51:29,410 [INFO] ✅ Saved SW
2025-05-13 08:51:29,954 [INFO] ✅ Saved SNA
2025-05-13 08:51:30,471 [INFO] ✅ Saved SOLV
2025-05-13 08:51:31,009 [INFO] ✅ Saved SO
2025-05-13 08:51:36,604 [INFO] 📦 Pulling batch 22 of 26 (20 tickers)
2025-05-13 08:51:39,622 [INFO] ✅ Saved LUV
2025-05-13 08:51:41,555 [INFO] ✅ Saved SWK
2025-05-13 08:51:42,908 [INFO] ✅ Saved SBUX
2025-05-13 08:51:43,623 [INFO] ✅ Saved STT
2025-05-13 08:51:44,825 [INFO] ✅ Saved STLD
2025-05-13 08:51:45,538 [INFO] ✅ Saved STE
2025-05-13 08:51:46,345 [INFO] ✅ Saved SYK
2025-05-13 08:51:47,211 [INFO] ✅ Saved SMCI
2025-05-13 08:51:48,620 [INFO] ✅ Saved SYF
2025-05-13 08:51:49,422 [INFO] ✅ Saved SNPS
2025-05-13 08:51:50,272 [INFO] ✅ Saved SYY
2025-05-13 08:51:51,355 [INFO] ✅ Saved TMUS
2025-05-13 08:51:52,272 [INFO] ✅ Saved TROW
2025-05-13 08:51:53,439 [INFO] ✅ Saved TTWO
2025-05-13 08:51:54,731 [INFO] ✅ Saved TPR
2025-05-13 08:51:55,438 [INFO] ✅ Saved TRGP
2025-05-13 08:51:56,422 [INFO] ✅ Saved TGT
2025-05-13 08:51:57,324 [INFO] ✅ Saved TEL
2025-05-13 08:51:58,290 [INFO] ✅ Saved TDY
2025-05-13 08:51:59,123 [INFO] ✅ Saved TER
2025-05-13 08:52:04,838 [INFO] 📦 Pulling batch 23 of 26 (20 tickers)
2025-05-13 08:52:11,015 [INFO] ✅ Saved TSLA
2025-05-13 08:52:12,757 [INFO] ✅ Saved TXN
2025-05-13 08:52:13,362 [INFO] ✅ Saved TPL
2025-05-13 08:52:14,024 [INFO] ✅ Saved TXT
2025-05-13 08:52:14,873 [INFO] ✅ Saved TMO
2025-05-13 08:52:15,513 [INFO] ✅ Saved TJX
2025-05-13 08:52:16,432 [INFO] ✅ Saved TKO
2025-05-13 08:52:17,099 [INFO] ✅ Saved TSCO
2025-05-13 08:52:17,821 [INFO] ✅ Saved TT
2025-05-13 08:52:18,659 [INFO] ✅ Saved TDG
2025-05-13 08:52:19,240 [INFO] ✅ Saved TRV
2025-05-13 08:52:19,790 [INFO] ✅ Saved TRMB
2025-05-13 08:52:20,519 [INFO] ✅ Saved TFC
2025-05-13 08:52:21,091 [INFO] ✅ Saved TYL
2025-05-13 08:52:21,624 [INFO] ✅ Saved TSN
2025-05-13 08:52:22,146 [INFO] ✅ Saved USB
2025-05-13 08:52:22,789 [INFO] ✅ Saved UBER
2025-05-13 08:52:23,328 [INFO] ✅ Saved UDR
2025-05-13 08:52:23,857 [INFO] ✅ Saved ULTA
2025-05-13 08:52:24,390 [INFO] ✅ Saved UNP
2025-05-13 08:52:29,989 [INFO] 📦 Pulling batch 24 of 26 (20 tickers)
2025-05-13 08:52:34,575 [INFO] ✅ Saved UAL
2025-05-13 08:52:36,480 [INFO] ✅ Saved UPS
2025-05-13 08:52:37,129 [INFO] ✅ Saved URI
2025-05-13 08:52:37,967 [INFO] ✅ Saved UNH
2025-05-13 08:52:38,724 [INFO] ✅ Saved UHS
2025-05-13 08:52:39,704 [INFO] ✅ Saved VLO
2025-05-13 08:52:40,565 [INFO] ✅ Saved VTR
2025-05-13 08:52:41,598 [INFO] ✅ Saved VLTO
2025-05-13 08:52:42,426 [INFO] ✅ Saved VRSN
2025-05-13 08:52:43,375 [INFO] ✅ Saved VRSK
2025-05-13 08:52:44,227 [INFO] ✅ Saved VZ
2025-05-13 08:52:44,876 [INFO] ✅ Saved VRTX
2025-05-13 08:52:45,658 [INFO] ✅ Saved VTRS
2025-05-13 08:52:46,259 [INFO] ✅ Saved VICI
2025-05-13 08:52:47,227 [INFO] ✅ Saved V
2025-05-13 08:52:48,000 [INFO] ✅ Saved VST
2025-05-13 08:52:48,599 [INFO] ✅ Saved VMC
2025-05-13 08:52:49,311 [INFO] ✅ Saved WRB
2025-05-13 08:52:50,213 [INFO] ✅ Saved GWW
2025-05-13 08:52:50,960 [INFO] ✅ Saved WAB
2025-05-13 08:52:56,811 [INFO] 📦 Pulling batch 25 of 26 (20 tickers)
2025-05-13 08:53:04,396 [INFO] ✅ Saved WBA
2025-05-13 08:53:07,212 [INFO] ✅ Saved WMT
2025-05-13 08:53:08,261 [INFO] ✅ Saved DIS
2025-05-13 08:53:09,098 [INFO] ✅ Saved WBD
2025-05-13 08:53:09,902 [INFO] ✅ Saved WM
2025-05-13 08:53:10,664 [INFO] ✅ Saved WAT
2025-05-13 08:53:11,461 [INFO] ✅ Saved WEC
2025-05-13 08:53:12,093 [INFO] ✅ Saved WFC
2025-05-13 08:53:12,650 [INFO] ✅ Saved WELL
2025-05-13 08:53:13,335 [INFO] ✅ Saved WST
2025-05-13 08:53:14,127 [INFO] ✅ Saved WDC
2025-05-13 08:53:14,810 [INFO] ✅ Saved WY
2025-05-13 08:53:15,476 [INFO] ✅ Saved WSM
2025-05-13 08:53:16,097 [INFO] ✅ Saved WMB
2025-05-13 08:53:16,677 [INFO] ✅ Saved WTW
2025-05-13 08:53:17,255 [INFO] ✅ Saved WDAY
2025-05-13 08:53:17,841 [INFO] ✅ Saved WYNN
2025-05-13 08:53:18,487 [INFO] ✅ Saved XEL
2025-05-13 08:53:19,095 [INFO] ✅ Saved XYL
2025-05-13 08:53:19,677 [INFO] ✅ Saved YUM
2025-05-13 08:53:25,327 [INFO] 📦 Pulling batch 26 of 26 (3 tickers)
2025-05-13 08:53:27,782 [INFO] ✅ Saved ZBRA
2025-05-13 08:53:29,668 [INFO] ✅ Saved ZBH
2025-05-13 08:53:30,613 [INFO] ✅ Saved ZTS
2025-05-13 08:53:36,548 [INFO] ✅ Done downloading prices and sectors!
